<?xml version="1.0" encoding="UTF-8"?>
<!-- Generated by org.testng.reporters.JUnitReportReporter -->
<testsuite skipped="0" hostname="Thomas-PC" name="MyJob.JobChallenge.AppTest" tests="1" failures="0" timestamp="2021-03-13T12:44:18 EST" time="8.443" errors="0">
  <testcase name="findUniqueBar" time="8.443" classname="MyJob.JobChallenge.AppTest"/>
  <system-out/>
</testsuite> <!-- MyJob.JobChallenge.AppTest -->
