<?xml version="1.0" encoding="UTF-8"?>
<!-- Generated by org.testng.reporters.JUnitReportReporter -->
<testsuite skipped="0" hostname="Thomas-PC" name="MyJob.JobChallenge.AppTest" tests="1" failures="0" timestamp="2021-03-13T02:14:24 EST" time="7.534" errors="0">
  <testcase name="findUniqueBar" time="7.534" classname="MyJob.JobChallenge.AppTest"/>
  <system-out/>
</testsuite> <!-- MyJob.JobChallenge.AppTest -->
