<?xml version="1.0" encoding="UTF-8"?>
<!-- Generated by org.testng.reporters.JUnitReportReporter -->
<testsuite skipped="0" hostname="Thomas-PC" name="MyJob.JobChallenge.AppTest2" tests="1" failures="0" timestamp="2021-03-13T12:39:08 EST" time="4.073" errors="0">
  <testcase name="inputLetters" time="4.073" classname="MyJob.JobChallenge.AppTest2"/>
  <system-out/>
</testsuite> <!-- MyJob.JobChallenge.AppTest2 -->
